
> react-typescript-starter@0.1.0 test
> react-scripts test --coverage

Browserslist: caniuse-lite is outdated. Please run:
  npx browserslist@latest --update-db
  Why you should do it regularly: https://github.com/browserslist/browserslist#browsers-data-updating
PASS src/App.test.tsx
  ✓ renders the course name somewhere (72 ms)

-----------------------------|---------|----------|---------|---------|-------------------
File                         | % Stmts | % Branch | % Funcs | % Lines | Uncovered Line #s 
-----------------------------|---------|----------|---------|---------|-------------------
All files                    |   34.84 |       15 |   15.15 |   35.93 |                   
 src                         |     100 |      100 |     100 |     100 |                   
  App.tsx                    |     100 |      100 |     100 |     100 |                   
 src/Components              |   33.84 |       15 |    12.5 |   34.92 |                   
  InsertRemoveSemester.tsx   |       0 |      100 |       0 |       0 | 16-66             
  QuickAdd.tsx               |      50 |       20 |   14.28 |      50 | 18,22-36,41,45    
  SingleMultipleSemester.tsx |    23.8 |     12.5 |      10 |      25 | 14-85,93-97       
  SlowAdd.tsx                |      60 |        0 |      40 |   66.66 | 23-26,33          
  clearSemesters.tsx         |       0 |      100 |       0 |       0 | 11-14             
 src/interfaces              |       0 |        0 |       0 |       0 |                   
  class.ts                   |       0 |        0 |       0 |       0 |                   
  degreePlan.ts              |       0 |        0 |       0 |       0 |                   
  semster.ts                 |       0 |        0 |       0 |       0 |                   
-----------------------------|---------|----------|---------|---------|-------------------
Test Suites: 1 passed, 1 total
Tests:       1 passed, 1 total
Snapshots:   0 total
Time:        2.481 s
Ran all test suites.
